# JRE version: Java(TM) SE Runtime Environment (8.0_151-b12) (build 1.8.0_151-b12)
# Java VM: Java HotSpot(TM) 64-Bit Server VM (25.151-b12 mixed mode windows-amd64 compressed oops)
Heap:
 PSYoungGen      total 35328K, used 34830K [0x000000076b180000, 0x0000000775780000, 0x00000007c0000000)
  eden space 34816K, 99% used [0x000000076b180000,0x000000076d35b820,0x000000076d380000)
  from space 512K, 31% used [0x0000000775680000,0x00000007756a8000,0x0000000775700000)
  to   space 512K, 0% used [0x0000000775700000,0x0000000775700000,0x0000000775780000)
 ParOldGen       total 330752K, used 260832K [0x00000006c1400000, 0x00000006d5700000, 0x000000076b180000)
  object space 330752K, 78% used [0x00000006c1400000,0x00000006d12b8300,0x00000006d5700000)
 Metaspace       used 19462K, capacity 19748K, committed 20096K, reserved 1067008K
  class space    used 2004K, capacity 2101K, committed 2176K, reserved 1048576K
GC Heap History (10 events):
Event: 846.403 GC heap before
{Heap before GC invocations=2419 (full 6):
 PSYoungGen      total 35328K, used 34976K [0x000000076b180000, 0x0000000775780000, 0x00000007c0000000)
  eden space 34816K, 100% used [0x000000076b180000,0x000000076d380000,0x000000076d380000)
  from space 512K, 31% used [0x0000000775700000,0x0000000775728000,0x0000000775780000)
  to   space 512K, 0% used [0x0000000775680000,0x0000000775680000,0x0000000775700000)
 ParOldGen       total 330752K, used 260450K [0x00000006c1400000, 0x00000006d5700000, 0x000000076b180000)
  object space 330752K, 78% used [0x00000006c1400000,0x00000006d1258a90,0x00000006d5700000)
 Metaspace       used 19462K, capacity 19748K, committed 20096K, reserved 1067008K
  class space    used 2004K, capacity 2101K, committed 2176K, reserved 1048576K
Event: 846.404 GC heap after
Heap after GC invocations=2419 (full 6):
 PSYoungGen      total 35328K, used 256K [0x000000076b180000, 0x0000000775780000, 0x00000007c0000000)
  eden space 34816K, 0% used [0x000000076b180000,0x000000076b180000,0x000000076d380000)
  from space 512K, 50% used [0x0000000775680000,0x00000007756c0000,0x0000000775700000)
  to   space 512K, 0% used [0x0000000775700000,0x0000000775700000,0x0000000775780000)
 ParOldGen       total 330752K, used 260531K [0x00000006c1400000, 0x00000006d5700000, 0x000000076b180000)
  object space 330752K, 78% used [0x00000006c1400000,0x00000006d126cd70,0x00000006d5700000)
 Metaspace       used 19462K, capacity 19748K, committed 20096K, reserved 1067008K
  class space    used 2004K, capacity 2101K, committed 2176K, reserved 1048576K
}
Event: 846.546 GC heap before
{Heap before GC invocations=2420 (full 6):
 PSYoungGen      total 35328K, used 35072K [0x000000076b180000, 0x0000000775780000, 0x00000007c0000000)
  eden space 34816K, 100% used [0x000000076b180000,0x000000076d380000,0x000000076d380000)
  from space 512K, 50% used [0x0000000775680000,0x00000007756c0000,0x0000000775700000)
  to   space 512K, 0% used [0x0000000775700000,0x0000000775700000,0x0000000775780000)
 ParOldGen       total 330752K, used 260531K [0x00000006c1400000, 0x00000006d5700000, 0x000000076b180000)
  object space 330752K, 78% used [0x00000006c1400000,0x00000006d126cd70,0x00000006d5700000)
 Metaspace       used 19462K, capacity 19748K, committed 20096K, reserved 1067008K
  class space    used 2004K, capacity 2101K, committed 2176K, reserved 1048576K
Event: 846.547 GC heap after
Heap after GC invocations=2420 (full 6):
 PSYoungGen      total 35328K, used 96K [0x000000076b180000, 0x0000000775780000, 0x00000007c0000000)
  eden space 34816K, 0% used [0x000000076b180000,0x000000076b180000,0x000000076d380000)
  from space 512K, 18% used [0x0000000775700000,0x0000000775718000,0x0000000775780000)
  to   space 512K, 0% used [0x0000000775680000,0x0000000775680000,0x0000000775700000)
 ParOldGen       total 330752K, used 260637K [0x00000006c1400000, 0x00000006d5700000, 0x000000076b180000)
  object space 330752K, 78% used [0x00000006c1400000,0x00000006d1287780,0x00000006d5700000)
 Metaspace       used 19462K, capacity 19748K, committed 20096K, reserved 1067008K
  class space    used 2004K, capacity 2101K, committed 2176K, reserved 1048576K
}
Event: 846.687 GC heap before
{Heap before GC invocations=2421 (full 6):
 PSYoungGen      total 35328K, used 34912K [0x000000076b180000, 0x0000000775780000, 0x00000007c0000000)
  eden space 34816K, 100% used [0x000000076b180000,0x000000076d380000,0x000000076d380000)
  from space 512K, 18% used [0x0000000775700000,0x0000000775718000,0x0000000775780000)
  to   space 512K, 0% used [0x0000000775680000,0x0000000775680000,0x0000000775700000)
 ParOldGen       total 330752K, used 260637K [0x00000006c1400000, 0x00000006d5700000, 0x000000076b180000)
  object space 330752K, 78% used [0x00000006c1400000,0x00000006d1287780,0x00000006d5700000)
 Metaspace       used 19462K, capacity 19748K, committed 20096K, reserved 1067008K
  class space    used 2004K, capacity 2101K, committed 2176K, reserved 1048576K
Event: 846.689 GC heap after
Heap after GC invocations=2421 (full 6):
 PSYoungGen      total 35328K, used 96K [0x000000076b180000, 0x0000000775780000, 0x00000007c0000000)
  eden space 34816K, 0% used [0x000000076b180000,0x000000076b180000,0x000000076d380000)
  from space 512K, 18% used [0x0000000775680000,0x0000000775698000,0x0000000775700000)
  to   space 512K, 0% used [0x0000000775700000,0x0000000775700000,0x0000000775780000)
 ParOldGen       total 330752K, used 260695K [0x00000006c1400000, 0x00000006d5700000, 0x000000076b180000)
  object space 330752K, 78% used [0x00000006c1400000,0x00000006d1295d40,0x00000006d5700000)
 Metaspace       used 19462K, capacity 19748K, committed 20096K, reserved 1067008K
  class space    used 2004K, capacity 2101K, committed 2176K, reserved 1048576K
}
Event: 846.837 GC heap before
{Heap before GC invocations=2422 (full 6):
 PSYoungGen      total 35328K, used 34912K [0x000000076b180000, 0x0000000775780000, 0x00000007c0000000)
  eden space 34816K, 100% used [0x000000076b180000,0x000000076d380000,0x000000076d380000)
  from space 512K, 18% used [0x0000000775680000,0x0000000775698000,0x0000000775700000)
  to   space 512K, 0% used [0x0000000775700000,0x0000000775700000,0x0000000775780000)
 ParOldGen       total 330752K, used 260695K [0x00000006c1400000, 0x00000006d5700000, 0x000000076b180000)
  object space 330752K, 78% used [0x00000006c1400000,0x00000006d1295d40,0x00000006d5700000)
 Metaspace       used 19462K, capacity 19748K, committed 20096K, reserved 1067008K
  class space    used 2004K, capacity 2101K, committed 2176K, reserved 1048576K
Event: 846.838 GC heap after
Heap after GC invocations=2422 (full 6):
 PSYoungGen      total 35328K, used 128K [0x000000076b180000, 0x0000000775780000, 0x00000007c0000000)
  eden space 34816K, 0% used [0x000000076b180000,0x000000076b180000,0x000000076d380000)
  from space 512K, 25% used [0x0000000775700000,0x0000000775720000,0x0000000775780000)
  to   space 512K, 0% used [0x0000000775680000,0x0000000775680000,0x0000000775700000)
 ParOldGen       total 330752K, used 260788K [0x00000006c1400000, 0x00000006d5700000, 0x000000076b180000)
  object space 330752K, 78% used [0x00000006c1400000,0x00000006d12ad248,0x00000006d5700000)
 Metaspace       used 19462K, capacity 19748K, committed 20096K, reserved 1067008K
  class space    used 2004K, capacity 2101K, committed 2176K, reserved 1048576K
}
Event: 846.998 GC heap before
{Heap before GC invocations=2423 (full 6):
 PSYoungGen      total 35328K, used 34944K [0x000000076b180000, 0x0000000775780000, 0x00000007c0000000)
  eden space 34816K, 100% used [0x000000076b180000,0x000000076d380000,0x000000076d380000)
  from space 512K, 25% used [0x0000000775700000,0x0000000775720000,0x0000000775780000)
  to   space 512K, 0% used [0x0000000775680000,0x0000000775680000,0x0000000775700000)
 ParOldGen       total 330752K, used 260788K [0x00000006c1400000, 0x00000006d5700000, 0x000000076b180000)
  object space 330752K, 78% used [0x00000006c1400000,0x00000006d12ad248,0x00000006d5700000)
 Metaspace       used 19462K, capacity 19748K, committed 20096K, reserved 1067008K
  class space    used 2004K, capacity 2101K, committed 2176K, reserved 1048576K
Event: 846.999 GC heap after
Heap after GC invocations=2423 (full 6):
 PSYoungGen      total 35328K, used 160K [0x000000076b180000, 0x0000000775780000, 0x00000007c0000000)
  eden space 34816K, 0% used [0x000000076b180000,0x000000076b180000,0x000000076d380000)
  from space 512K, 31% used [0x0000000775680000,0x00000007756a8000,0x0000000775700000)
  to   space 512K, 0% used [0x0000000775700000,0x0000000775700000,0x0000000775780000)
 ParOldGen       total 330752K, used 260832K [0x00000006c1400000, 0x00000006d5700000, 0x000000076b180000)
  object space 330752K, 78% used [0x00000006c1400000,0x00000006d12b8300,0x00000006d5700000)
 Metaspace       used 19462K, capacity 19748K, committed 20096K, reserved 1067008K
  class space    used 2004K, capacity 2101K, committed 2176K, reserved 1048576K
}

